The system is: Linux - 3.10.0-514.26.2.el7.x86_64 - x86_64
Compiling the C compiler identification source file "CMakeCCompilerId.c" succeeded.
Compiler: /usr/bin/gcc 
Build flags: 
Id flags:  

The output was:
0


Compilation of the C compiler identification source "CMakeCCompilerId.c" produced "a.out"

The C compiler identification is GNU, found in "/home/admin/workSpace/build/CMakeFiles/3.12.3/CompilerIdC/a.out"

Compiling the CXX compiler identification source file "CMakeCXXCompilerId.cpp" succeeded.
Compiler: /usr/bin/g++ 
Build flags: 
Id flags:  

The output was:
0


Compilation of the CXX compiler identification source "CMakeCXXCompilerId.cpp" produced "a.out"

The CXX compiler identification is GNU, found in "/home/admin/workSpace/build/CMakeFiles/3.12.3/CompilerIdCXX/a.out"

Determining if the C compiler works passed with the following output:
Change Dir: /home/admin/workSpace/build/CMakeFiles/CMakeTmp

Run Build Command:"/usr/bin/gmake" "cmTC_348e5/fast"
gmake[1]: Entering directory `/home/admin/workSpace/build/CMakeFiles/CMakeTmp'
/usr/bin/gmake -f CMakeFiles/cmTC_348e5.dir/build.make CMakeFiles/cmTC_348e5.dir/build
gmake[2]: Entering directory `/home/admin/workSpace/build/CMakeFiles/CMakeTmp'
Building C object CMakeFiles/cmTC_348e5.dir/testCCompiler.c.o
/usr/bin/gcc    -o CMakeFiles/cmTC_348e5.dir/testCCompiler.c.o   -c /home/admin/workSpace/build/CMakeFiles/CMakeTmp/testCCompiler.c
Linking C executable cmTC_348e5
/usr/local/bin/cmake -E cmake_link_script CMakeFiles/cmTC_348e5.dir/link.txt --verbose=1
/usr/bin/gcc      CMakeFiles/cmTC_348e5.dir/testCCompiler.c.o  -o cmTC_348e5 
gmake[2]: Leaving directory `/home/admin/workSpace/build/CMakeFiles/CMakeTmp'
gmake[1]: Leaving directory `/home/admin/workSpace/build/CMakeFiles/CMakeTmp'


Detecting C compiler ABI info compiled with the following output:
Change Dir: /home/admin/workSpace/build/CMakeFiles/CMakeTmp

Run Build Command:"/usr/bin/gmake" "cmTC_7b85b/fast"
gmake[1]: Entering directory `/home/admin/workSpace/build/CMakeFiles/CMakeTmp'
/usr/bin/gmake -f CMakeFiles/cmTC_7b85b.dir/build.make CMakeFiles/cmTC_7b85b.dir/build
gmake[2]: Entering directory `/home/admin/workSpace/build/CMakeFiles/CMakeTmp'
Building C object CMakeFiles/cmTC_7b85b.dir/CMakeCCompilerABI.c.o
/usr/bin/gcc    -o CMakeFiles/cmTC_7b85b.dir/CMakeCCompilerABI.c.o   -c /usr/local/share/cmake-3.12/Modules/CMakeCCompilerABI.c
Linking C executable cmTC_7b85b
/usr/local/bin/cmake -E cmake_link_script CMakeFiles/cmTC_7b85b.dir/link.txt --verbose=1
/usr/bin/gcc     -v CMakeFiles/cmTC_7b85b.dir/CMakeCCompilerABI.c.o  -o cmTC_7b85b 
Using built-in specs.
COLLECT_GCC=/usr/bin/gcc
COLLECT_LTO_WRAPPER=/usr/local/gcc-5.3.0/libexec/gcc/x86_64-unknown-linux-gnu/5.3.0/lto-wrapper
Target: x86_64-unknown-linux-gnu
Configured with: ../configure --prefix=/usr/local/gcc-5.3.0/ --enable-checking=release --enable-languages=c,c++ --disable-multilib
Thread model: posix
gcc version 5.3.0 (GCC) 
COMPILER_PATH=/usr/local/gcc-5.3.0/libexec/gcc/x86_64-unknown-linux-gnu/5.3.0/:/usr/local/gcc-5.3.0/libexec/gcc/x86_64-unknown-linux-gnu/5.3.0/:/usr/local/gcc-5.3.0/libexec/gcc/x86_64-unknown-linux-gnu/:/usr/local/gcc-5.3.0/lib/gcc/x86_64-unknown-linux-gnu/5.3.0/:/usr/local/gcc-5.3.0/lib/gcc/x86_64-unknown-linux-gnu/
LIBRARY_PATH=/usr/local/gcc-5.3.0/lib/gcc/x86_64-unknown-linux-gnu/5.3.0/:/usr/local/gcc-5.3.0/lib/gcc/x86_64-unknown-linux-gnu/5.3.0/../../../../lib64/:/lib/../lib64/:/usr/lib/../lib64/:/usr/local/gcc-5.3.0/lib/gcc/x86_64-unknown-linux-gnu/5.3.0/../../../:/lib/:/usr/lib/
COLLECT_GCC_OPTIONS='-v' '-o' 'cmTC_7b85b' '-mtune=generic' '-march=x86-64'
 /usr/local/gcc-5.3.0/libexec/gcc/x86_64-unknown-linux-gnu/5.3.0/collect2 -plugin /usr/local/gcc-5.3.0/libexec/gcc/x86_64-unknown-linux-gnu/5.3.0/liblto_plugin.so -plugin-opt=/usr/local/gcc-5.3.0/libexec/gcc/x86_64-unknown-linux-gnu/5.3.0/lto-wrapper -plugin-opt=-fresolution=/tmp/ccRRzaWT.res -plugin-opt=-pass-through=-lgcc -plugin-opt=-pass-through=-lgcc_s -plugin-opt=-pass-through=-lc -plugin-opt=-pass-through=-lgcc -plugin-opt=-pass-through=-lgcc_s --eh-frame-hdr -m elf_x86_64 -dynamic-linker /lib64/ld-linux-x86-64.so.2 -o cmTC_7b85b /lib/../lib64/crt1.o /lib/../lib64/crti.o /usr/local/gcc-5.3.0/lib/gcc/x86_64-unknown-linux-gnu/5.3.0/crtbegin.o -L/usr/local/gcc-5.3.0/lib/gcc/x86_64-unknown-linux-gnu/5.3.0 -L/usr/local/gcc-5.3.0/lib/gcc/x86_64-unknown-linux-gnu/5.3.0/../../../../lib64 -L/lib/../lib64 -L/usr/lib/../lib64 -L/usr/local/gcc-5.3.0/lib/gcc/x86_64-unknown-linux-gnu/5.3.0/../../.. CMakeFiles/cmTC_7b85b.dir/CMakeCCompilerABI.c.o -lgcc --as-needed -lgcc_s --no-as-needed -lc -lgcc --as-needed -lgcc_s --no-as-needed /usr/local/gcc-5.3.0/lib/gcc/x86_64-unknown-linux-gnu/5.3.0/crtend.o /lib/../lib64/crtn.o
gmake[2]: Leaving directory `/home/admin/workSpace/build/CMakeFiles/CMakeTmp'
gmake[1]: Leaving directory `/home/admin/workSpace/build/CMakeFiles/CMakeTmp'


Parsed C implicit link information from above output:
  link line regex: [^( *|.*[/\])(ld|CMAKE_LINK_STARTFILE-NOTFOUND|([^/\]+-)?ld|collect2)[^/\]*( |$)]
  ignore line: [Change Dir: /home/admin/workSpace/build/CMakeFiles/CMakeTmp]
  ignore line: []
  ignore line: [Run Build Command:"/usr/bin/gmake" "cmTC_7b85b/fast"]
  ignore line: [gmake[1]: Entering directory `/home/admin/workSpace/build/CMakeFiles/CMakeTmp']
  ignore line: [/usr/bin/gmake -f CMakeFiles/cmTC_7b85b.dir/build.make CMakeFiles/cmTC_7b85b.dir/build]
  ignore line: [gmake[2]: Entering directory `/home/admin/workSpace/build/CMakeFiles/CMakeTmp']
  ignore line: [Building C object CMakeFiles/cmTC_7b85b.dir/CMakeCCompilerABI.c.o]
  ignore line: [/usr/bin/gcc    -o CMakeFiles/cmTC_7b85b.dir/CMakeCCompilerABI.c.o   -c /usr/local/share/cmake-3.12/Modules/CMakeCCompilerABI.c]
  ignore line: [Linking C executable cmTC_7b85b]
  ignore line: [/usr/local/bin/cmake -E cmake_link_script CMakeFiles/cmTC_7b85b.dir/link.txt --verbose=1]
  ignore line: [/usr/bin/gcc     -v CMakeFiles/cmTC_7b85b.dir/CMakeCCompilerABI.c.o  -o cmTC_7b85b ]
  ignore line: [Using built-in specs.]
  ignore line: [COLLECT_GCC=/usr/bin/gcc]
  ignore line: [COLLECT_LTO_WRAPPER=/usr/local/gcc-5.3.0/libexec/gcc/x86_64-unknown-linux-gnu/5.3.0/lto-wrapper]
  ignore line: [Target: x86_64-unknown-linux-gnu]
  ignore line: [Configured with: ../configure --prefix=/usr/local/gcc-5.3.0/ --enable-checking=release --enable-languages=c,c++ --disable-multilib]
  ignore line: [Thread model: posix]
  ignore line: [gcc version 5.3.0 (GCC) ]
  ignore line: [COMPILER_PATH=/usr/local/gcc-5.3.0/libexec/gcc/x86_64-unknown-linux-gnu/5.3.0/:/usr/local/gcc-5.3.0/libexec/gcc/x86_64-unknown-linux-gnu/5.3.0/:/usr/local/gcc-5.3.0/libexec/gcc/x86_64-unknown-linux-gnu/:/usr/local/gcc-5.3.0/lib/gcc/x86_64-unknown-linux-gnu/5.3.0/:/usr/local/gcc-5.3.0/lib/gcc/x86_64-unknown-linux-gnu/]
  ignore line: [LIBRARY_PATH=/usr/local/gcc-5.3.0/lib/gcc/x86_64-unknown-linux-gnu/5.3.0/:/usr/local/gcc-5.3.0/lib/gcc/x86_64-unknown-linux-gnu/5.3.0/../../../../lib64/:/lib/../lib64/:/usr/lib/../lib64/:/usr/local/gcc-5.3.0/lib/gcc/x86_64-unknown-linux-gnu/5.3.0/../../../:/lib/:/usr/lib/]
  ignore line: [COLLECT_GCC_OPTIONS='-v' '-o' 'cmTC_7b85b' '-mtune=generic' '-march=x86-64']
  link line: [ /usr/local/gcc-5.3.0/libexec/gcc/x86_64-unknown-linux-gnu/5.3.0/collect2 -plugin /usr/local/gcc-5.3.0/libexec/gcc/x86_64-unknown-linux-gnu/5.3.0/liblto_plugin.so -plugin-opt=/usr/local/gcc-5.3.0/libexec/gcc/x86_64-unknown-linux-gnu/5.3.0/lto-wrapper -plugin-opt=-fresolution=/tmp/ccRRzaWT.res -plugin-opt=-pass-through=-lgcc -plugin-opt=-pass-through=-lgcc_s -plugin-opt=-pass-through=-lc -plugin-opt=-pass-through=-lgcc -plugin-opt=-pass-through=-lgcc_s --eh-frame-hdr -m elf_x86_64 -dynamic-linker /lib64/ld-linux-x86-64.so.2 -o cmTC_7b85b /lib/../lib64/crt1.o /lib/../lib64/crti.o /usr/local/gcc-5.3.0/lib/gcc/x86_64-unknown-linux-gnu/5.3.0/crtbegin.o -L/usr/local/gcc-5.3.0/lib/gcc/x86_64-unknown-linux-gnu/5.3.0 -L/usr/local/gcc-5.3.0/lib/gcc/x86_64-unknown-linux-gnu/5.3.0/../../../../lib64 -L/lib/../lib64 -L/usr/lib/../lib64 -L/usr/local/gcc-5.3.0/lib/gcc/x86_64-unknown-linux-gnu/5.3.0/../../.. CMakeFiles/cmTC_7b85b.dir/CMakeCCompilerABI.c.o -lgcc --as-needed -lgcc_s --no-as-needed -lc -lgcc --as-needed -lgcc_s --no-as-needed /usr/local/gcc-5.3.0/lib/gcc/x86_64-unknown-linux-gnu/5.3.0/crtend.o /lib/../lib64/crtn.o]
    arg [/usr/local/gcc-5.3.0/libexec/gcc/x86_64-unknown-linux-gnu/5.3.0/collect2] ==> ignore
    arg [-plugin] ==> ignore
    arg [/usr/local/gcc-5.3.0/libexec/gcc/x86_64-unknown-linux-gnu/5.3.0/liblto_plugin.so] ==> ignore
    arg [-plugin-opt=/usr/local/gcc-5.3.0/libexec/gcc/x86_64-unknown-linux-gnu/5.3.0/lto-wrapper] ==> ignore
    arg [-plugin-opt=-fresolution=/tmp/ccRRzaWT.res] ==> ignore
    arg [-plugin-opt=-pass-through=-lgcc] ==> ignore
    arg [-plugin-opt=-pass-through=-lgcc_s] ==> ignore
    arg [-plugin-opt=-pass-through=-lc] ==> ignore
    arg [-plugin-opt=-pass-through=-lgcc] ==> ignore
    arg [-plugin-opt=-pass-through=-lgcc_s] ==> ignore
    arg [--eh-frame-hdr] ==> ignore
    arg [-m] ==> ignore
    arg [elf_x86_64] ==> ignore
    arg [-dynamic-linker] ==> ignore
    arg [/lib64/ld-linux-x86-64.so.2] ==> ignore
    arg [-o] ==> ignore
    arg [cmTC_7b85b] ==> ignore
    arg [/lib/../lib64/crt1.o] ==> ignore
    arg [/lib/../lib64/crti.o] ==> ignore
    arg [/usr/local/gcc-5.3.0/lib/gcc/x86_64-unknown-linux-gnu/5.3.0/crtbegin.o] ==> ignore
    arg [-L/usr/local/gcc-5.3.0/lib/gcc/x86_64-unknown-linux-gnu/5.3.0] ==> dir [/usr/local/gcc-5.3.0/lib/gcc/x86_64-unknown-linux-gnu/5.3.0]
    arg [-L/usr/local/gcc-5.3.0/lib/gcc/x86_64-unknown-linux-gnu/5.3.0/../../../../lib64] ==> dir [/usr/local/gcc-5.3.0/lib/gcc/x86_64-unknown-linux-gnu/5.3.0/../../../../lib64]
    arg [-L/lib/../lib64] ==> dir [/lib/../lib64]
    arg [-L/usr/lib/../lib64] ==> dir [/usr/lib/../lib64]
    arg [-L/usr/local/gcc-5.3.0/lib/gcc/x86_64-unknown-linux-gnu/5.3.0/../../..] ==> dir [/usr/local/gcc-5.3.0/lib/gcc/x86_64-unknown-linux-gnu/5.3.0/../../..]
    arg [CMakeFiles/cmTC_7b85b.dir/CMakeCCompilerABI.c.o] ==> ignore
    arg [-lgcc] ==> lib [gcc]
    arg [--as-needed] ==> ignore
    arg [-lgcc_s] ==> lib [gcc_s]
    arg [--no-as-needed] ==> ignore
    arg [-lc] ==> lib [c]
    arg [-lgcc] ==> lib [gcc]
    arg [--as-needed] ==> ignore
    arg [-lgcc_s] ==> lib [gcc_s]
    arg [--no-as-needed] ==> ignore
    arg [/usr/local/gcc-5.3.0/lib/gcc/x86_64-unknown-linux-gnu/5.3.0/crtend.o] ==> ignore
    arg [/lib/../lib64/crtn.o] ==> ignore
  collapse library dir [/usr/local/gcc-5.3.0/lib/gcc/x86_64-unknown-linux-gnu/5.3.0] ==> [/usr/local/gcc-5.3.0/lib/gcc/x86_64-unknown-linux-gnu/5.3.0]
  collapse library dir [/usr/local/gcc-5.3.0/lib/gcc/x86_64-unknown-linux-gnu/5.3.0/../../../../lib64] ==> [/usr/local/gcc-5.3.0/lib64]
  collapse library dir [/lib/../lib64] ==> [/lib64]
  collapse library dir [/usr/lib/../lib64] ==> [/usr/lib64]
  collapse library dir [/usr/local/gcc-5.3.0/lib/gcc/x86_64-unknown-linux-gnu/5.3.0/../../..] ==> [/usr/local/gcc-5.3.0/lib]
  implicit libs: [gcc;gcc_s;c;gcc;gcc_s]
  implicit dirs: [/usr/local/gcc-5.3.0/lib/gcc/x86_64-unknown-linux-gnu/5.3.0;/usr/local/gcc-5.3.0/lib64;/lib64;/usr/lib64;/usr/local/gcc-5.3.0/lib]
  implicit fwks: []




Detecting C [-std=c11] compiler features compiled with the following output:
Change Dir: /home/admin/workSpace/build/CMakeFiles/CMakeTmp

Run Build Command:"/usr/bin/gmake" "cmTC_2b47c/fast"
gmake[1]: Entering directory `/home/admin/workSpace/build/CMakeFiles/CMakeTmp'
/usr/bin/gmake -f CMakeFiles/cmTC_2b47c.dir/build.make CMakeFiles/cmTC_2b47c.dir/build
gmake[2]: Entering directory `/home/admin/workSpace/build/CMakeFiles/CMakeTmp'
Building C object CMakeFiles/cmTC_2b47c.dir/feature_tests.c.o
/usr/bin/gcc   -std=c11 -o CMakeFiles/cmTC_2b47c.dir/feature_tests.c.o   -c /home/admin/workSpace/build/CMakeFiles/feature_tests.c
Linking C executable cmTC_2b47c
/usr/local/bin/cmake -E cmake_link_script CMakeFiles/cmTC_2b47c.dir/link.txt --verbose=1
/usr/bin/gcc      CMakeFiles/cmTC_2b47c.dir/feature_tests.c.o  -o cmTC_2b47c 
gmake[2]: Leaving directory `/home/admin/workSpace/build/CMakeFiles/CMakeTmp'
gmake[1]: Leaving directory `/home/admin/workSpace/build/CMakeFiles/CMakeTmp'


    Feature record: C_FEATURE:1c_function_prototypes
    Feature record: C_FEATURE:1c_restrict
    Feature record: C_FEATURE:1c_static_assert
    Feature record: C_FEATURE:1c_variadic_macros


Detecting C [-std=c99] compiler features compiled with the following output:
Change Dir: /home/admin/workSpace/build/CMakeFiles/CMakeTmp

Run Build Command:"/usr/bin/gmake" "cmTC_e7cce/fast"
gmake[1]: Entering directory `/home/admin/workSpace/build/CMakeFiles/CMakeTmp'
/usr/bin/gmake -f CMakeFiles/cmTC_e7cce.dir/build.make CMakeFiles/cmTC_e7cce.dir/build
gmake[2]: Entering directory `/home/admin/workSpace/build/CMakeFiles/CMakeTmp'
Building C object CMakeFiles/cmTC_e7cce.dir/feature_tests.c.o
/usr/bin/gcc   -std=c99 -o CMakeFiles/cmTC_e7cce.dir/feature_tests.c.o   -c /home/admin/workSpace/build/CMakeFiles/feature_tests.c
Linking C executable cmTC_e7cce
/usr/local/bin/cmake -E cmake_link_script CMakeFiles/cmTC_e7cce.dir/link.txt --verbose=1
/usr/bin/gcc      CMakeFiles/cmTC_e7cce.dir/feature_tests.c.o  -o cmTC_e7cce 
gmake[2]: Leaving directory `/home/admin/workSpace/build/CMakeFiles/CMakeTmp'
gmake[1]: Leaving directory `/home/admin/workSpace/build/CMakeFiles/CMakeTmp'


    Feature record: C_FEATURE:1c_function_prototypes
    Feature record: C_FEATURE:1c_restrict
    Feature record: C_FEATURE:0c_static_assert
    Feature record: C_FEATURE:1c_variadic_macros


Detecting C [-std=c90] compiler features compiled with the following output:
Change Dir: /home/admin/workSpace/build/CMakeFiles/CMakeTmp

Run Build Command:"/usr/bin/gmake" "cmTC_5bc6e/fast"
gmake[1]: Entering directory `/home/admin/workSpace/build/CMakeFiles/CMakeTmp'
/usr/bin/gmake -f CMakeFiles/cmTC_5bc6e.dir/build.make CMakeFiles/cmTC_5bc6e.dir/build
gmake[2]: Entering directory `/home/admin/workSpace/build/CMakeFiles/CMakeTmp'
Building C object CMakeFiles/cmTC_5bc6e.dir/feature_tests.c.o
/usr/bin/gcc   -std=c90 -o CMakeFiles/cmTC_5bc6e.dir/feature_tests.c.o   -c /home/admin/workSpace/build/CMakeFiles/feature_tests.c
Linking C executable cmTC_5bc6e
/usr/local/bin/cmake -E cmake_link_script CMakeFiles/cmTC_5bc6e.dir/link.txt --verbose=1
/usr/bin/gcc      CMakeFiles/cmTC_5bc6e.dir/feature_tests.c.o  -o cmTC_5bc6e 
gmake[2]: Leaving directory `/home/admin/workSpace/build/CMakeFiles/CMakeTmp'
gmake[1]: Leaving directory `/home/admin/workSpace/build/CMakeFiles/CMakeTmp'


    Feature record: C_FEATURE:1c_function_prototypes
    Feature record: C_FEATURE:0c_restrict
    Feature record: C_FEATURE:0c_static_assert
    Feature record: C_FEATURE:0c_variadic_macros
Determining if the CXX compiler works passed with the following output:
Change Dir: /home/admin/workSpace/build/CMakeFiles/CMakeTmp

Run Build Command:"/usr/bin/gmake" "cmTC_1594b/fast"
gmake[1]: Entering directory `/home/admin/workSpace/build/CMakeFiles/CMakeTmp'
/usr/bin/gmake -f CMakeFiles/cmTC_1594b.dir/build.make CMakeFiles/cmTC_1594b.dir/build
gmake[2]: Entering directory `/home/admin/workSpace/build/CMakeFiles/CMakeTmp'
Building CXX object CMakeFiles/cmTC_1594b.dir/testCXXCompiler.cxx.o
/usr/bin/g++     -o CMakeFiles/cmTC_1594b.dir/testCXXCompiler.cxx.o -c /home/admin/workSpace/build/CMakeFiles/CMakeTmp/testCXXCompiler.cxx
Linking CXX executable cmTC_1594b
/usr/local/bin/cmake -E cmake_link_script CMakeFiles/cmTC_1594b.dir/link.txt --verbose=1
/usr/bin/g++       CMakeFiles/cmTC_1594b.dir/testCXXCompiler.cxx.o  -o cmTC_1594b 
gmake[2]: Leaving directory `/home/admin/workSpace/build/CMakeFiles/CMakeTmp'
gmake[1]: Leaving directory `/home/admin/workSpace/build/CMakeFiles/CMakeTmp'


Detecting CXX compiler ABI info compiled with the following output:
Change Dir: /home/admin/workSpace/build/CMakeFiles/CMakeTmp

Run Build Command:"/usr/bin/gmake" "cmTC_7cff9/fast"
gmake[1]: Entering directory `/home/admin/workSpace/build/CMakeFiles/CMakeTmp'
/usr/bin/gmake -f CMakeFiles/cmTC_7cff9.dir/build.make CMakeFiles/cmTC_7cff9.dir/build
gmake[2]: Entering directory `/home/admin/workSpace/build/CMakeFiles/CMakeTmp'
Building CXX object CMakeFiles/cmTC_7cff9.dir/CMakeCXXCompilerABI.cpp.o
/usr/bin/g++     -o CMakeFiles/cmTC_7cff9.dir/CMakeCXXCompilerABI.cpp.o -c /usr/local/share/cmake-3.12/Modules/CMakeCXXCompilerABI.cpp
Linking CXX executable cmTC_7cff9
/usr/local/bin/cmake -E cmake_link_script CMakeFiles/cmTC_7cff9.dir/link.txt --verbose=1
/usr/bin/g++      -v CMakeFiles/cmTC_7cff9.dir/CMakeCXXCompilerABI.cpp.o  -o cmTC_7cff9 
Using built-in specs.
COLLECT_GCC=/usr/bin/g++
COLLECT_LTO_WRAPPER=/usr/local/gcc-5.3.0/libexec/gcc/x86_64-unknown-linux-gnu/5.3.0/lto-wrapper
Target: x86_64-unknown-linux-gnu
Configured with: ../configure --prefix=/usr/local/gcc-5.3.0/ --enable-checking=release --enable-languages=c,c++ --disable-multilib
Thread model: posix
gcc version 5.3.0 (GCC) 
COMPILER_PATH=/usr/local/gcc-5.3.0/libexec/gcc/x86_64-unknown-linux-gnu/5.3.0/:/usr/local/gcc-5.3.0/libexec/gcc/x86_64-unknown-linux-gnu/5.3.0/:/usr/local/gcc-5.3.0/libexec/gcc/x86_64-unknown-linux-gnu/:/usr/local/gcc-5.3.0/lib/gcc/x86_64-unknown-linux-gnu/5.3.0/:/usr/local/gcc-5.3.0/lib/gcc/x86_64-unknown-linux-gnu/
LIBRARY_PATH=/usr/local/gcc-5.3.0/lib/gcc/x86_64-unknown-linux-gnu/5.3.0/:/usr/local/gcc-5.3.0/lib/gcc/x86_64-unknown-linux-gnu/5.3.0/../../../../lib64/:/lib/../lib64/:/usr/lib/../lib64/:/usr/local/gcc-5.3.0/lib/gcc/x86_64-unknown-linux-gnu/5.3.0/../../../:/lib/:/usr/lib/
COLLECT_GCC_OPTIONS='-v' '-o' 'cmTC_7cff9' '-shared-libgcc' '-mtune=generic' '-march=x86-64'
 /usr/local/gcc-5.3.0/libexec/gcc/x86_64-unknown-linux-gnu/5.3.0/collect2 -plugin /usr/local/gcc-5.3.0/libexec/gcc/x86_64-unknown-linux-gnu/5.3.0/liblto_plugin.so -plugin-opt=/usr/local/gcc-5.3.0/libexec/gcc/x86_64-unknown-linux-gnu/5.3.0/lto-wrapper -plugin-opt=-fresolution=/tmp/ccrnmTxj.res -plugin-opt=-pass-through=-lgcc_s -plugin-opt=-pass-through=-lgcc -plugin-opt=-pass-through=-lc -plugin-opt=-pass-through=-lgcc_s -plugin-opt=-pass-through=-lgcc --eh-frame-hdr -m elf_x86_64 -dynamic-linker /lib64/ld-linux-x86-64.so.2 -o cmTC_7cff9 /lib/../lib64/crt1.o /lib/../lib64/crti.o /usr/local/gcc-5.3.0/lib/gcc/x86_64-unknown-linux-gnu/5.3.0/crtbegin.o -L/usr/local/gcc-5.3.0/lib/gcc/x86_64-unknown-linux-gnu/5.3.0 -L/usr/local/gcc-5.3.0/lib/gcc/x86_64-unknown-linux-gnu/5.3.0/../../../../lib64 -L/lib/../lib64 -L/usr/lib/../lib64 -L/usr/local/gcc-5.3.0/lib/gcc/x86_64-unknown-linux-gnu/5.3.0/../../.. CMakeFiles/cmTC_7cff9.dir/CMakeCXXCompilerABI.cpp.o -lstdc++ -lm -lgcc_s -lgcc -lc -lgcc_s -lgcc /usr/local/gcc-5.3.0/lib/gcc/x86_64-unknown-linux-gnu/5.3.0/crtend.o /lib/../lib64/crtn.o
gmake[2]: Leaving directory `/home/admin/workSpace/build/CMakeFiles/CMakeTmp'
gmake[1]: Leaving directory `/home/admin/workSpace/build/CMakeFiles/CMakeTmp'


Parsed CXX implicit link information from above output:
  link line regex: [^( *|.*[/\])(ld|CMAKE_LINK_STARTFILE-NOTFOUND|([^/\]+-)?ld|collect2)[^/\]*( |$)]
  ignore line: [Change Dir: /home/admin/workSpace/build/CMakeFiles/CMakeTmp]
  ignore line: []
  ignore line: [Run Build Command:"/usr/bin/gmake" "cmTC_7cff9/fast"]
  ignore line: [gmake[1]: Entering directory `/home/admin/workSpace/build/CMakeFiles/CMakeTmp']
  ignore line: [/usr/bin/gmake -f CMakeFiles/cmTC_7cff9.dir/build.make CMakeFiles/cmTC_7cff9.dir/build]
  ignore line: [gmake[2]: Entering directory `/home/admin/workSpace/build/CMakeFiles/CMakeTmp']
  ignore line: [Building CXX object CMakeFiles/cmTC_7cff9.dir/CMakeCXXCompilerABI.cpp.o]
  ignore line: [/usr/bin/g++     -o CMakeFiles/cmTC_7cff9.dir/CMakeCXXCompilerABI.cpp.o -c /usr/local/share/cmake-3.12/Modules/CMakeCXXCompilerABI.cpp]
  ignore line: [Linking CXX executable cmTC_7cff9]
  ignore line: [/usr/local/bin/cmake -E cmake_link_script CMakeFiles/cmTC_7cff9.dir/link.txt --verbose=1]
  ignore line: [/usr/bin/g++      -v CMakeFiles/cmTC_7cff9.dir/CMakeCXXCompilerABI.cpp.o  -o cmTC_7cff9 ]
  ignore line: [Using built-in specs.]
  ignore line: [COLLECT_GCC=/usr/bin/g++]
  ignore line: [COLLECT_LTO_WRAPPER=/usr/local/gcc-5.3.0/libexec/gcc/x86_64-unknown-linux-gnu/5.3.0/lto-wrapper]
  ignore line: [Target: x86_64-unknown-linux-gnu]
  ignore line: [Configured with: ../configure --prefix=/usr/local/gcc-5.3.0/ --enable-checking=release --enable-languages=c,c++ --disable-multilib]
  ignore line: [Thread model: posix]
  ignore line: [gcc version 5.3.0 (GCC) ]
  ignore line: [COMPILER_PATH=/usr/local/gcc-5.3.0/libexec/gcc/x86_64-unknown-linux-gnu/5.3.0/:/usr/local/gcc-5.3.0/libexec/gcc/x86_64-unknown-linux-gnu/5.3.0/:/usr/local/gcc-5.3.0/libexec/gcc/x86_64-unknown-linux-gnu/:/usr/local/gcc-5.3.0/lib/gcc/x86_64-unknown-linux-gnu/5.3.0/:/usr/local/gcc-5.3.0/lib/gcc/x86_64-unknown-linux-gnu/]
  ignore line: [LIBRARY_PATH=/usr/local/gcc-5.3.0/lib/gcc/x86_64-unknown-linux-gnu/5.3.0/:/usr/local/gcc-5.3.0/lib/gcc/x86_64-unknown-linux-gnu/5.3.0/../../../../lib64/:/lib/../lib64/:/usr/lib/../lib64/:/usr/local/gcc-5.3.0/lib/gcc/x86_64-unknown-linux-gnu/5.3.0/../../../:/lib/:/usr/lib/]
  ignore line: [COLLECT_GCC_OPTIONS='-v' '-o' 'cmTC_7cff9' '-shared-libgcc' '-mtune=generic' '-march=x86-64']
  link line: [ /usr/local/gcc-5.3.0/libexec/gcc/x86_64-unknown-linux-gnu/5.3.0/collect2 -plugin /usr/local/gcc-5.3.0/libexec/gcc/x86_64-unknown-linux-gnu/5.3.0/liblto_plugin.so -plugin-opt=/usr/local/gcc-5.3.0/libexec/gcc/x86_64-unknown-linux-gnu/5.3.0/lto-wrapper -plugin-opt=-fresolution=/tmp/ccrnmTxj.res -plugin-opt=-pass-through=-lgcc_s -plugin-opt=-pass-through=-lgcc -plugin-opt=-pass-through=-lc -plugin-opt=-pass-through=-lgcc_s -plugin-opt=-pass-through=-lgcc --eh-frame-hdr -m elf_x86_64 -dynamic-linker /lib64/ld-linux-x86-64.so.2 -o cmTC_7cff9 /lib/../lib64/crt1.o /lib/../lib64/crti.o /usr/local/gcc-5.3.0/lib/gcc/x86_64-unknown-linux-gnu/5.3.0/crtbegin.o -L/usr/local/gcc-5.3.0/lib/gcc/x86_64-unknown-linux-gnu/5.3.0 -L/usr/local/gcc-5.3.0/lib/gcc/x86_64-unknown-linux-gnu/5.3.0/../../../../lib64 -L/lib/../lib64 -L/usr/lib/../lib64 -L/usr/local/gcc-5.3.0/lib/gcc/x86_64-unknown-linux-gnu/5.3.0/../../.. CMakeFiles/cmTC_7cff9.dir/CMakeCXXCompilerABI.cpp.o -lstdc++ -lm -lgcc_s -lgcc -lc -lgcc_s -lgcc /usr/local/gcc-5.3.0/lib/gcc/x86_64-unknown-linux-gnu/5.3.0/crtend.o /lib/../lib64/crtn.o]
    arg [/usr/local/gcc-5.3.0/libexec/gcc/x86_64-unknown-linux-gnu/5.3.0/collect2] ==> ignore
    arg [-plugin] ==> ignore
    arg [/usr/local/gcc-5.3.0/libexec/gcc/x86_64-unknown-linux-gnu/5.3.0/liblto_plugin.so] ==> ignore
    arg [-plugin-opt=/usr/local/gcc-5.3.0/libexec/gcc/x86_64-unknown-linux-gnu/5.3.0/lto-wrapper] ==> ignore
    arg [-plugin-opt=-fresolution=/tmp/ccrnmTxj.res] ==> ignore
    arg [-plugin-opt=-pass-through=-lgcc_s] ==> ignore
    arg [-plugin-opt=-pass-through=-lgcc] ==> ignore
    arg [-plugin-opt=-pass-through=-lc] ==> ignore
    arg [-plugin-opt=-pass-through=-lgcc_s] ==> ignore
    arg [-plugin-opt=-pass-through=-lgcc] ==> ignore
    arg [--eh-frame-hdr] ==> ignore
    arg [-m] ==> ignore
    arg [elf_x86_64] ==> ignore
    arg [-dynamic-linker] ==> ignore
    arg [/lib64/ld-linux-x86-64.so.2] ==> ignore
    arg [-o] ==> ignore
    arg [cmTC_7cff9] ==> ignore
    arg [/lib/../lib64/crt1.o] ==> ignore
    arg [/lib/../lib64/crti.o] ==> ignore
    arg [/usr/local/gcc-5.3.0/lib/gcc/x86_64-unknown-linux-gnu/5.3.0/crtbegin.o] ==> ignore
    arg [-L/usr/local/gcc-5.3.0/lib/gcc/x86_64-unknown-linux-gnu/5.3.0] ==> dir [/usr/local/gcc-5.3.0/lib/gcc/x86_64-unknown-linux-gnu/5.3.0]
    arg [-L/usr/local/gcc-5.3.0/lib/gcc/x86_64-unknown-linux-gnu/5.3.0/../../../../lib64] ==> dir [/usr/local/gcc-5.3.0/lib/gcc/x86_64-unknown-linux-gnu/5.3.0/../../../../lib64]
    arg [-L/lib/../lib64] ==> dir [/lib/../lib64]
    arg [-L/usr/lib/../lib64] ==> dir [/usr/lib/../lib64]
    arg [-L/usr/local/gcc-5.3.0/lib/gcc/x86_64-unknown-linux-gnu/5.3.0/../../..] ==> dir [/usr/local/gcc-5.3.0/lib/gcc/x86_64-unknown-linux-gnu/5.3.0/../../..]
    arg [CMakeFiles/cmTC_7cff9.dir/CMakeCXXCompilerABI.cpp.o] ==> ignore
    arg [-lstdc++] ==> lib [stdc++]
    arg [-lm] ==> lib [m]
    arg [-lgcc_s] ==> lib [gcc_s]
    arg [-lgcc] ==> lib [gcc]
    arg [-lc] ==> lib [c]
    arg [-lgcc_s] ==> lib [gcc_s]
    arg [-lgcc] ==> lib [gcc]
    arg [/usr/local/gcc-5.3.0/lib/gcc/x86_64-unknown-linux-gnu/5.3.0/crtend.o] ==> ignore
    arg [/lib/../lib64/crtn.o] ==> ignore
  collapse library dir [/usr/local/gcc-5.3.0/lib/gcc/x86_64-unknown-linux-gnu/5.3.0] ==> [/usr/local/gcc-5.3.0/lib/gcc/x86_64-unknown-linux-gnu/5.3.0]
  collapse library dir [/usr/local/gcc-5.3.0/lib/gcc/x86_64-unknown-linux-gnu/5.3.0/../../../../lib64] ==> [/usr/local/gcc-5.3.0/lib64]
  collapse library dir [/lib/../lib64] ==> [/lib64]
  collapse library dir [/usr/lib/../lib64] ==> [/usr/lib64]
  collapse library dir [/usr/local/gcc-5.3.0/lib/gcc/x86_64-unknown-linux-gnu/5.3.0/../../..] ==> [/usr/local/gcc-5.3.0/lib]
  implicit libs: [stdc++;m;gcc_s;gcc;c;gcc_s;gcc]
  implicit dirs: [/usr/local/gcc-5.3.0/lib/gcc/x86_64-unknown-linux-gnu/5.3.0;/usr/local/gcc-5.3.0/lib64;/lib64;/usr/lib64;/usr/local/gcc-5.3.0/lib]
  implicit fwks: []




Detecting CXX [-std=c++1z] compiler features compiled with the following output:
Change Dir: /home/admin/workSpace/build/CMakeFiles/CMakeTmp

Run Build Command:"/usr/bin/gmake" "cmTC_2466f/fast"
gmake[1]: Entering directory `/home/admin/workSpace/build/CMakeFiles/CMakeTmp'
/usr/bin/gmake -f CMakeFiles/cmTC_2466f.dir/build.make CMakeFiles/cmTC_2466f.dir/build
gmake[2]: Entering directory `/home/admin/workSpace/build/CMakeFiles/CMakeTmp'
Building CXX object CMakeFiles/cmTC_2466f.dir/feature_tests.cxx.o
/usr/bin/g++    -std=c++1z -o CMakeFiles/cmTC_2466f.dir/feature_tests.cxx.o -c /home/admin/workSpace/build/CMakeFiles/feature_tests.cxx
Linking CXX executable cmTC_2466f
/usr/local/bin/cmake -E cmake_link_script CMakeFiles/cmTC_2466f.dir/link.txt --verbose=1
/usr/bin/g++       CMakeFiles/cmTC_2466f.dir/feature_tests.cxx.o  -o cmTC_2466f 
gmake[2]: Leaving directory `/home/admin/workSpace/build/CMakeFiles/CMakeTmp'
gmake[1]: Leaving directory `/home/admin/workSpace/build/CMakeFiles/CMakeTmp'


    Feature record: CXX_FEATURE:1cxx_aggregate_default_initializers
    Feature record: CXX_FEATURE:1cxx_alias_templates
    Feature record: CXX_FEATURE:1cxx_alignas
    Feature record: CXX_FEATURE:1cxx_alignof
    Feature record: CXX_FEATURE:1cxx_attributes
    Feature record: CXX_FEATURE:1cxx_attribute_deprecated
    Feature record: CXX_FEATURE:1cxx_auto_type
    Feature record: CXX_FEATURE:1cxx_binary_literals
    Feature record: CXX_FEATURE:1cxx_constexpr
    Feature record: CXX_FEATURE:1cxx_contextual_conversions
    Feature record: CXX_FEATURE:1cxx_decltype
    Feature record: CXX_FEATURE:1cxx_decltype_auto
    Feature record: CXX_FEATURE:1cxx_decltype_incomplete_return_types
    Feature record: CXX_FEATURE:1cxx_default_function_template_args
    Feature record: CXX_FEATURE:1cxx_defaulted_functions
    Feature record: CXX_FEATURE:1cxx_defaulted_move_initializers
    Feature record: CXX_FEATURE:1cxx_delegating_constructors
    Feature record: CXX_FEATURE:1cxx_deleted_functions
    Feature record: CXX_FEATURE:1cxx_digit_separators
    Feature record: CXX_FEATURE:1cxx_enum_forward_declarations
    Feature record: CXX_FEATURE:1cxx_explicit_conversions
    Feature record: CXX_FEATURE:1cxx_extended_friend_declarations
    Feature record: CXX_FEATURE:1cxx_extern_templates
    Feature record: CXX_FEATURE:1cxx_final
    Feature record: CXX_FEATURE:1cxx_func_identifier
    Feature record: CXX_FEATURE:1cxx_generalized_initializers
    Feature record: CXX_FEATURE:1cxx_generic_lambdas
    Feature record: CXX_FEATURE:1cxx_inheriting_constructors
    Feature record: CXX_FEATURE:1cxx_inline_namespaces
    Feature record: CXX_FEATURE:1cxx_lambdas
    Feature record: CXX_FEATURE:1cxx_lambda_init_captures
    Feature record: CXX_FEATURE:1cxx_local_type_template_args
    Feature record: CXX_FEATURE:1cxx_long_long_type
    Feature record: CXX_FEATURE:1cxx_noexcept
    Feature record: CXX_FEATURE:1cxx_nonstatic_member_init
    Feature record: CXX_FEATURE:1cxx_nullptr
    Feature record: CXX_FEATURE:1cxx_override
    Feature record: CXX_FEATURE:1cxx_range_for
    Feature record: CXX_FEATURE:1cxx_raw_string_literals
    Feature record: CXX_FEATURE:1cxx_reference_qualified_functions
    Feature record: CXX_FEATURE:1cxx_relaxed_constexpr
    Feature record: CXX_FEATURE:1cxx_return_type_deduction
    Feature record: CXX_FEATURE:1cxx_right_angle_brackets
    Feature record: CXX_FEATURE:1cxx_rvalue_references
    Feature record: CXX_FEATURE:1cxx_sizeof_member
    Feature record: CXX_FEATURE:1cxx_static_assert
    Feature record: CXX_FEATURE:1cxx_strong_enums
    Feature record: CXX_FEATURE:1cxx_template_template_parameters
    Feature record: CXX_FEATURE:1cxx_thread_local
    Feature record: CXX_FEATURE:1cxx_trailing_return_types
    Feature record: CXX_FEATURE:1cxx_unicode_literals
    Feature record: CXX_FEATURE:1cxx_uniform_initialization
    Feature record: CXX_FEATURE:1cxx_unrestricted_unions
    Feature record: CXX_FEATURE:1cxx_user_literals
    Feature record: CXX_FEATURE:1cxx_variable_templates
    Feature record: CXX_FEATURE:1cxx_variadic_macros
    Feature record: CXX_FEATURE:1cxx_variadic_templates


Detecting CXX [-std=c++14] compiler features compiled with the following output:
Change Dir: /home/admin/workSpace/build/CMakeFiles/CMakeTmp

Run Build Command:"/usr/bin/gmake" "cmTC_78139/fast"
gmake[1]: Entering directory `/home/admin/workSpace/build/CMakeFiles/CMakeTmp'
/usr/bin/gmake -f CMakeFiles/cmTC_78139.dir/build.make CMakeFiles/cmTC_78139.dir/build
gmake[2]: Entering directory `/home/admin/workSpace/build/CMakeFiles/CMakeTmp'
Building CXX object CMakeFiles/cmTC_78139.dir/feature_tests.cxx.o
/usr/bin/g++    -std=c++14 -o CMakeFiles/cmTC_78139.dir/feature_tests.cxx.o -c /home/admin/workSpace/build/CMakeFiles/feature_tests.cxx
Linking CXX executable cmTC_78139
/usr/local/bin/cmake -E cmake_link_script CMakeFiles/cmTC_78139.dir/link.txt --verbose=1
/usr/bin/g++       CMakeFiles/cmTC_78139.dir/feature_tests.cxx.o  -o cmTC_78139 
gmake[2]: Leaving directory `/home/admin/workSpace/build/CMakeFiles/CMakeTmp'
gmake[1]: Leaving directory `/home/admin/workSpace/build/CMakeFiles/CMakeTmp'


    Feature record: CXX_FEATURE:1cxx_aggregate_default_initializers
    Feature record: CXX_FEATURE:1cxx_alias_templates
    Feature record: CXX_FEATURE:1cxx_alignas
    Feature record: CXX_FEATURE:1cxx_alignof
    Feature record: CXX_FEATURE:1cxx_attributes
    Feature record: CXX_FEATURE:1cxx_attribute_deprecated
    Feature record: CXX_FEATURE:1cxx_auto_type
    Feature record: CXX_FEATURE:1cxx_binary_literals
    Feature record: CXX_FEATURE:1cxx_constexpr
    Feature record: CXX_FEATURE:1cxx_contextual_conversions
    Feature record: CXX_FEATURE:1cxx_decltype
    Feature record: CXX_FEATURE:1cxx_decltype_auto
    Feature record: CXX_FEATURE:1cxx_decltype_incomplete_return_types
    Feature record: CXX_FEATURE:1cxx_default_function_template_args
    Feature record: CXX_FEATURE:1cxx_defaulted_functions
    Feature record: CXX_FEATURE:1cxx_defaulted_move_initializers
    Feature record: CXX_FEATURE:1cxx_delegating_constructors
    Feature record: CXX_FEATURE:1cxx_deleted_functions
    Feature record: CXX_FEATURE:1cxx_digit_separators
    Feature record: CXX_FEATURE:1cxx_enum_forward_declarations
    Feature record: CXX_FEATURE:1cxx_explicit_conversions
    Feature record: CXX_FEATURE:1cxx_extended_friend_declarations
    Feature record: CXX_FEATURE:1cxx_extern_templates
    Feature record: CXX_FEATURE:1cxx_final
    Feature record: CXX_FEATURE:1cxx_func_identifier
    Feature record: CXX_FEATURE:1cxx_generalized_initializers
    Feature record: CXX_FEATURE:1cxx_generic_lambdas
    Feature record: CXX_FEATURE:1cxx_inheriting_constructors
    Feature record: CXX_FEATURE:1cxx_inline_namespaces
    Feature record: CXX_FEATURE:1cxx_lambdas
    Feature record: CXX_FEATURE:1cxx_lambda_init_captures
    Feature record: CXX_FEATURE:1cxx_local_type_template_args
    Feature record: CXX_FEATURE:1cxx_long_long_type
    Feature record: CXX_FEATURE:1cxx_noexcept
    Feature record: CXX_FEATURE:1cxx_nonstatic_member_init
    Feature record: CXX_FEATURE:1cxx_nullptr
    Feature record: CXX_FEATURE:1cxx_override
    Feature record: CXX_FEATURE:1cxx_range_for
    Feature record: CXX_FEATURE:1cxx_raw_string_literals
    Feature record: CXX_FEATURE:1cxx_reference_qualified_functions
    Feature record: CXX_FEATURE:1cxx_relaxed_constexpr
    Feature record: CXX_FEATURE:1cxx_return_type_deduction
    Feature record: CXX_FEATURE:1cxx_right_angle_brackets
    Feature record: CXX_FEATURE:1cxx_rvalue_references
    Feature record: CXX_FEATURE:1cxx_sizeof_member
    Feature record: CXX_FEATURE:1cxx_static_assert
    Feature record: CXX_FEATURE:1cxx_strong_enums
    Feature record: CXX_FEATURE:1cxx_template_template_parameters
    Feature record: CXX_FEATURE:1cxx_thread_local
    Feature record: CXX_FEATURE:1cxx_trailing_return_types
    Feature record: CXX_FEATURE:1cxx_unicode_literals
    Feature record: CXX_FEATURE:1cxx_uniform_initialization
    Feature record: CXX_FEATURE:1cxx_unrestricted_unions
    Feature record: CXX_FEATURE:1cxx_user_literals
    Feature record: CXX_FEATURE:1cxx_variable_templates
    Feature record: CXX_FEATURE:1cxx_variadic_macros
    Feature record: CXX_FEATURE:1cxx_variadic_templates


Detecting CXX [-std=c++11] compiler features compiled with the following output:
Change Dir: /home/admin/workSpace/build/CMakeFiles/CMakeTmp

Run Build Command:"/usr/bin/gmake" "cmTC_595d8/fast"
gmake[1]: Entering directory `/home/admin/workSpace/build/CMakeFiles/CMakeTmp'
/usr/bin/gmake -f CMakeFiles/cmTC_595d8.dir/build.make CMakeFiles/cmTC_595d8.dir/build
gmake[2]: Entering directory `/home/admin/workSpace/build/CMakeFiles/CMakeTmp'
Building CXX object CMakeFiles/cmTC_595d8.dir/feature_tests.cxx.o
/usr/bin/g++    -std=c++11 -o CMakeFiles/cmTC_595d8.dir/feature_tests.cxx.o -c /home/admin/workSpace/build/CMakeFiles/feature_tests.cxx
Linking CXX executable cmTC_595d8
/usr/local/bin/cmake -E cmake_link_script CMakeFiles/cmTC_595d8.dir/link.txt --verbose=1
/usr/bin/g++       CMakeFiles/cmTC_595d8.dir/feature_tests.cxx.o  -o cmTC_595d8 
gmake[2]: Leaving directory `/home/admin/workSpace/build/CMakeFiles/CMakeTmp'
gmake[1]: Leaving directory `/home/admin/workSpace/build/CMakeFiles/CMakeTmp'


    Feature record: CXX_FEATURE:0cxx_aggregate_default_initializers
    Feature record: CXX_FEATURE:1cxx_alias_templates
    Feature record: CXX_FEATURE:1cxx_alignas
    Feature record: CXX_FEATURE:1cxx_alignof
    Feature record: CXX_FEATURE:1cxx_attributes
    Feature record: CXX_FEATURE:0cxx_attribute_deprecated
    Feature record: CXX_FEATURE:1cxx_auto_type
    Feature record: CXX_FEATURE:0cxx_binary_literals
    Feature record: CXX_FEATURE:1cxx_constexpr
    Feature record: CXX_FEATURE:0cxx_contextual_conversions
    Feature record: CXX_FEATURE:1cxx_decltype
    Feature record: CXX_FEATURE:0cxx_decltype_auto
    Feature record: CXX_FEATURE:1cxx_decltype_incomplete_return_types
    Feature record: CXX_FEATURE:1cxx_default_function_template_args
    Feature record: CXX_FEATURE:1cxx_defaulted_functions
    Feature record: CXX_FEATURE:1cxx_defaulted_move_initializers
    Feature record: CXX_FEATURE:1cxx_delegating_constructors
    Feature record: CXX_FEATURE:1cxx_deleted_functions
    Feature record: CXX_FEATURE:0cxx_digit_separators
    Feature record: CXX_FEATURE:1cxx_enum_forward_declarations
    Feature record: CXX_FEATURE:1cxx_explicit_conversions
    Feature record: CXX_FEATURE:1cxx_extended_friend_declarations
    Feature record: CXX_FEATURE:1cxx_extern_templates
    Feature record: CXX_FEATURE:1cxx_final
    Feature record: CXX_FEATURE:1cxx_func_identifier
    Feature record: CXX_FEATURE:1cxx_generalized_initializers
    Feature record: CXX_FEATURE:0cxx_generic_lambdas
    Feature record: CXX_FEATURE:1cxx_inheriting_constructors
    Feature record: CXX_FEATURE:1cxx_inline_namespaces
    Feature record: CXX_FEATURE:1cxx_lambdas
    Feature record: CXX_FEATURE:0cxx_lambda_init_captures
    Feature record: CXX_FEATURE:1cxx_local_type_template_args
    Feature record: CXX_FEATURE:1cxx_long_long_type
    Feature record: CXX_FEATURE:1cxx_noexcept
    Feature record: CXX_FEATURE:1cxx_nonstatic_member_init
    Feature record: CXX_FEATURE:1cxx_nullptr
    Feature record: CXX_FEATURE:1cxx_override
    Feature record: CXX_FEATURE:1cxx_range_for
    Feature record: CXX_FEATURE:1cxx_raw_string_literals
    Feature record: CXX_FEATURE:1cxx_reference_qualified_functions
    Feature record: CXX_FEATURE:0cxx_relaxed_constexpr
    Feature record: CXX_FEATURE:0cxx_return_type_deduction
    Feature record: CXX_FEATURE:1cxx_right_angle_brackets
    Feature record: CXX_FEATURE:1cxx_rvalue_references
    Feature record: CXX_FEATURE:1cxx_sizeof_member
    Feature record: CXX_FEATURE:1cxx_static_assert
    Feature record: CXX_FEATURE:1cxx_strong_enums
    Feature record: CXX_FEATURE:1cxx_template_template_parameters
    Feature record: CXX_FEATURE:1cxx_thread_local
    Feature record: CXX_FEATURE:1cxx_trailing_return_types
    Feature record: CXX_FEATURE:1cxx_unicode_literals
    Feature record: CXX_FEATURE:1cxx_uniform_initialization
    Feature record: CXX_FEATURE:1cxx_unrestricted_unions
    Feature record: CXX_FEATURE:1cxx_user_literals
    Feature record: CXX_FEATURE:0cxx_variable_templates
    Feature record: CXX_FEATURE:1cxx_variadic_macros
    Feature record: CXX_FEATURE:1cxx_variadic_templates


Detecting CXX [-std=c++98] compiler features compiled with the following output:
Change Dir: /home/admin/workSpace/build/CMakeFiles/CMakeTmp

Run Build Command:"/usr/bin/gmake" "cmTC_6934c/fast"
gmake[1]: Entering directory `/home/admin/workSpace/build/CMakeFiles/CMakeTmp'
/usr/bin/gmake -f CMakeFiles/cmTC_6934c.dir/build.make CMakeFiles/cmTC_6934c.dir/build
gmake[2]: Entering directory `/home/admin/workSpace/build/CMakeFiles/CMakeTmp'
Building CXX object CMakeFiles/cmTC_6934c.dir/feature_tests.cxx.o
/usr/bin/g++    -std=c++98 -o CMakeFiles/cmTC_6934c.dir/feature_tests.cxx.o -c /home/admin/workSpace/build/CMakeFiles/feature_tests.cxx
Linking CXX executable cmTC_6934c
/usr/local/bin/cmake -E cmake_link_script CMakeFiles/cmTC_6934c.dir/link.txt --verbose=1
/usr/bin/g++       CMakeFiles/cmTC_6934c.dir/feature_tests.cxx.o  -o cmTC_6934c 
gmake[2]: Leaving directory `/home/admin/workSpace/build/CMakeFiles/CMakeTmp'
gmake[1]: Leaving directory `/home/admin/workSpace/build/CMakeFiles/CMakeTmp'


    Feature record: CXX_FEATURE:0cxx_aggregate_default_initializers
    Feature record: CXX_FEATURE:0cxx_alias_templates
    Feature record: CXX_FEATURE:0cxx_alignas
    Feature record: CXX_FEATURE:0cxx_alignof
    Feature record: CXX_FEATURE:0cxx_attributes
    Feature record: CXX_FEATURE:0cxx_attribute_deprecated
    Feature record: CXX_FEATURE:0cxx_auto_type
    Feature record: CXX_FEATURE:0cxx_binary_literals
    Feature record: CXX_FEATURE:0cxx_constexpr
    Feature record: CXX_FEATURE:0cxx_contextual_conversions
    Feature record: CXX_FEATURE:0cxx_decltype
    Feature record: CXX_FEATURE:0cxx_decltype_auto
    Feature record: CXX_FEATURE:0cxx_decltype_incomplete_return_types
    Feature record: CXX_FEATURE:0cxx_default_function_template_args
    Feature record: CXX_FEATURE:0cxx_defaulted_functions
    Feature record: CXX_FEATURE:0cxx_defaulted_move_initializers
    Feature record: CXX_FEATURE:0cxx_delegating_constructors
    Feature record: CXX_FEATURE:0cxx_deleted_functions
    Feature record: CXX_FEATURE:0cxx_digit_separators
    Feature record: CXX_FEATURE:0cxx_enum_forward_declarations
    Feature record: CXX_FEATURE:0cxx_explicit_conversions
    Feature record: CXX_FEATURE:0cxx_extended_friend_declarations
    Feature record: CXX_FEATURE:0cxx_extern_templates
    Feature record: CXX_FEATURE:0cxx_final
    Feature record: CXX_FEATURE:0cxx_func_identifier
    Feature record: CXX_FEATURE:0cxx_generalized_initializers
    Feature record: CXX_FEATURE:0cxx_generic_lambdas
    Feature record: CXX_FEATURE:0cxx_inheriting_constructors
    Feature record: CXX_FEATURE:0cxx_inline_namespaces
    Feature record: CXX_FEATURE:0cxx_lambdas
    Feature record: CXX_FEATURE:0cxx_lambda_init_captures
    Feature record: CXX_FEATURE:0cxx_local_type_template_args
    Feature record: CXX_FEATURE:0cxx_long_long_type
    Feature record: CXX_FEATURE:0cxx_noexcept
    Feature record: CXX_FEATURE:0cxx_nonstatic_member_init
    Feature record: CXX_FEATURE:0cxx_nullptr
    Feature record: CXX_FEATURE:0cxx_override
    Feature record: CXX_FEATURE:0cxx_range_for
    Feature record: CXX_FEATURE:0cxx_raw_string_literals
    Feature record: CXX_FEATURE:0cxx_reference_qualified_functions
    Feature record: CXX_FEATURE:0cxx_relaxed_constexpr
    Feature record: CXX_FEATURE:0cxx_return_type_deduction
    Feature record: CXX_FEATURE:0cxx_right_angle_brackets
    Feature record: CXX_FEATURE:0cxx_rvalue_references
    Feature record: CXX_FEATURE:0cxx_sizeof_member
    Feature record: CXX_FEATURE:0cxx_static_assert
    Feature record: CXX_FEATURE:0cxx_strong_enums
    Feature record: CXX_FEATURE:1cxx_template_template_parameters
    Feature record: CXX_FEATURE:0cxx_thread_local
    Feature record: CXX_FEATURE:0cxx_trailing_return_types
    Feature record: CXX_FEATURE:0cxx_unicode_literals
    Feature record: CXX_FEATURE:0cxx_uniform_initialization
    Feature record: CXX_FEATURE:0cxx_unrestricted_unions
    Feature record: CXX_FEATURE:0cxx_user_literals
    Feature record: CXX_FEATURE:0cxx_variable_templates
    Feature record: CXX_FEATURE:0cxx_variadic_macros
    Feature record: CXX_FEATURE:0cxx_variadic_templates
